<?xml version="1.0" encoding="UTF-8"?>
<!-- Generated by org.testng.reporters.JUnitReportReporter -->
<testsuite hostname="DESKTOP-DI3NTLA" failures="0" tests="46" name="testRunner.Runner" time="17.714" errors="0" timestamp="2023-01-16T19:14:34 PST" skipped="0">
  <testcase classname="testRunner.Runner" name="runScenario" time="0.255"/>
  <system-out/>
  <testcase classname="testRunner.Runner" name="runScenario" time="0.153"/>
  <system-out/>
  <testcase classname="testRunner.Runner" name="runScenario" time="0.568"/>
  <system-out/>
  <testcase classname="testRunner.Runner" name="runScenario" time="1.180"/>
  <system-out/>
  <testcase classname="testRunner.Runner" name="runScenario" time="0.150"/>
  <system-out/>
  <testcase classname="testRunner.Runner" name="runScenario" time="0.171"/>
  <system-out/>
  <testcase classname="testRunner.Runner" name="runScenario" time="0.574"/>
  <system-out/>
  <testcase classname="testRunner.Runner" name="runScenario" time="0.163"/>
  <system-out/>
  <testcase classname="testRunner.Runner" name="runScenario" time="0.172"/>
  <system-out/>
  <testcase classname="testRunner.Runner" name="runScenario" time="0.220"/>
  <system-out/>
  <testcase classname="testRunner.Runner" name="runScenario" time="0.185"/>
  <system-out/>
  <testcase classname="testRunner.Runner" name="runScenario" time="0.158"/>
  <system-out/>
  <testcase classname="testRunner.Runner" name="runScenario" time="0.156"/>
  <system-out/>
  <testcase classname="testRunner.Runner" name="runScenario" time="0.332"/>
  <system-out/>
  <testcase classname="testRunner.Runner" name="runScenario" time="0.170"/>
  <system-out/>
  <testcase classname="testRunner.Runner" name="runScenario" time="0.166"/>
  <system-out/>
  <testcase classname="testRunner.Runner" name="runScenario" time="0.172"/>
  <system-out/>
  <testcase classname="testRunner.Runner" name="runScenario" time="0.163"/>
  <system-out/>
  <testcase classname="testRunner.Runner" name="runScenario" time="1.356"/>
  <system-out/>
  <testcase classname="testRunner.Runner" name="runScenario" time="0.185"/>
  <system-out/>
  <testcase classname="testRunner.Runner" name="runScenario" time="0.188"/>
  <system-out/>
  <testcase classname="testRunner.Runner" name="runScenario" time="0.157"/>
  <system-out/>
  <testcase classname="testRunner.Runner" name="runScenario" time="0.168"/>
  <system-out/>
  <testcase classname="testRunner.Runner" name="runScenario" time="0.154"/>
  <system-out/>
  <testcase classname="testRunner.Runner" name="runScenario" time="0.160"/>
  <system-out/>
  <testcase classname="testRunner.Runner" name="runScenario" time="0.154"/>
  <system-out/>
  <testcase classname="testRunner.Runner" name="runScenario" time="0.177"/>
  <system-out/>
  <testcase classname="testRunner.Runner" name="runScenario" time="1.168"/>
  <system-out/>
  <testcase classname="testRunner.Runner" name="runScenario" time="0.174"/>
  <system-out/>
  <testcase classname="testRunner.Runner" name="runScenario" time="0.182"/>
  <system-out/>
  <testcase classname="testRunner.Runner" name="runScenario" time="0.450"/>
  <system-out/>
  <testcase classname="testRunner.Runner" name="runScenario" time="0.254"/>
  <system-out/>
  <testcase classname="testRunner.Runner" name="runScenario" time="0.592"/>
  <system-out/>
  <testcase classname="testRunner.Runner" name="runScenario" time="4.545"/>
  <system-out/>
  <testcase classname="testRunner.Runner" name="runScenario" time="0.177"/>
  <system-out/>
  <testcase classname="testRunner.Runner" name="runScenario" time="0.223"/>
  <system-out/>
  <testcase classname="testRunner.Runner" name="runScenario" time="0.184"/>
  <system-out/>
  <testcase classname="testRunner.Runner" name="runScenario" time="0.196"/>
  <system-out/>
  <testcase classname="testRunner.Runner" name="runScenario" time="0.136"/>
  <system-out/>
  <testcase classname="testRunner.Runner" name="runScenario" time="0.214"/>
  <system-out/>
  <testcase classname="testRunner.Runner" name="runScenario" time="0.300"/>
  <system-out/>
  <testcase classname="testRunner.Runner" name="runScenario" time="0.141"/>
  <system-out/>
  <testcase classname="testRunner.Runner" name="runScenario" time="0.149"/>
  <system-out/>
  <testcase classname="testRunner.Runner" name="runScenario" time="0.404"/>
  <system-out/>
  <testcase classname="testRunner.Runner" name="runScenario" time="0.225"/>
  <system-out/>
  <testcase classname="testRunner.Runner" name="runScenario" time="0.193"/>
  <system-out/>
</testsuite> <!-- testRunner.Runner -->
