<?xml version="1.0" encoding="UTF-8"?>
<!-- Generated by org.testng.reporters.JUnitReportReporter -->
<testsuite hostname="DESKTOP-DI3NTLA" failures="0" tests="32" name="testRunner.Runner" time="12.091" errors="0" timestamp="2023-01-16T07:55:19 PST" skipped="0">
  <testcase classname="testRunner.Runner" name="runScenario" time="0.173"/>
  <system-out/>
  <testcase classname="testRunner.Runner" name="runScenario" time="0.135"/>
  <system-out/>
  <testcase classname="testRunner.Runner" name="runScenario" time="0.599"/>
  <system-out/>
  <testcase classname="testRunner.Runner" name="runScenario" time="0.336"/>
  <system-out/>
  <testcase classname="testRunner.Runner" name="runScenario" time="0.207"/>
  <system-out/>
  <testcase classname="testRunner.Runner" name="runScenario" time="0.143"/>
  <system-out/>
  <testcase classname="testRunner.Runner" name="runScenario" time="0.132"/>
  <system-out/>
  <testcase classname="testRunner.Runner" name="runScenario" time="0.199"/>
  <system-out/>
  <testcase classname="testRunner.Runner" name="runScenario" time="0.139"/>
  <system-out/>
  <testcase classname="testRunner.Runner" name="runScenario" time="0.173"/>
  <system-out/>
  <testcase classname="testRunner.Runner" name="runScenario" time="0.158"/>
  <system-out/>
  <testcase classname="testRunner.Runner" name="runScenario" time="1.057"/>
  <system-out/>
  <testcase classname="testRunner.Runner" name="runScenario" time="0.148"/>
  <system-out/>
  <testcase classname="testRunner.Runner" name="runScenario" time="0.175"/>
  <system-out/>
  <testcase classname="testRunner.Runner" name="runScenario" time="0.460"/>
  <system-out/>
  <testcase classname="testRunner.Runner" name="runScenario" time="0.592"/>
  <system-out/>
  <testcase classname="testRunner.Runner" name="runScenario" time="3.165"/>
  <system-out/>
  <testcase classname="testRunner.Runner" name="runScenario" time="0.144"/>
  <system-out/>
  <testcase classname="testRunner.Runner" name="runScenario" time="0.560"/>
  <system-out/>
  <testcase classname="testRunner.Runner" name="runScenario" time="0.147"/>
  <system-out/>
  <testcase classname="testRunner.Runner" name="runScenario" time="0.452"/>
  <system-out/>
  <testcase classname="testRunner.Runner" name="runScenario" time="0.157"/>
  <system-out/>
  <testcase classname="testRunner.Runner" name="runScenario" time="0.134"/>
  <system-out/>
  <testcase classname="testRunner.Runner" name="runScenario" time="0.952"/>
  <system-out/>
  <testcase classname="testRunner.Runner" name="runScenario" time="0.181"/>
  <system-out/>
  <testcase classname="testRunner.Runner" name="runScenario" time="0.155"/>
  <system-out/>
  <testcase classname="testRunner.Runner" name="runScenario" time="0.158"/>
  <system-out/>
  <testcase classname="testRunner.Runner" name="runScenario" time="0.211"/>
  <system-out/>
  <testcase classname="testRunner.Runner" name="runScenario" time="0.165"/>
  <system-out/>
  <testcase classname="testRunner.Runner" name="runScenario" time="0.148"/>
  <system-out/>
  <testcase classname="testRunner.Runner" name="runScenario" time="0.176"/>
  <system-out/>
  <testcase classname="testRunner.Runner" name="runScenario" time="0.360"/>
  <system-out/>
</testsuite> <!-- testRunner.Runner -->
